[debug] [2023-03-07T15:12:07.281Z] ----------------------------------------------------------------------
[debug] [2023-03-07T15:12:07.283Z] Command:       C:\Program Files\nodejs\node.exe C:\Program Files\nodejs\node_modules\firebase-tools\lib\bin\firebase.js init
[debug] [2023-03-07T15:12:07.283Z] CLI Version:   11.24.0
[debug] [2023-03-07T15:12:07.283Z] Platform:      win32
[debug] [2023-03-07T15:12:07.283Z] Node Version:  v18.10.0
[debug] [2023-03-07T15:12:07.284Z] Time:          Tue Mar 07 2023 16:12:07 GMT+0100 (czas środkowoeuropejski standardowy)
[debug] [2023-03-07T15:12:07.284Z] ----------------------------------------------------------------------
[debug] 
[debug] [2023-03-07T15:12:07.334Z] > command requires scopes: ["email","openid","https://www.googleapis.com/auth/cloudplatformprojects.readonly","https://www.googleapis.com/auth/firebase","https://www.googleapis.com/auth/cloud-platform"]
[debug] [2023-03-07T15:12:07.334Z] > authorizing via signed-in user (nagoorsky@gmail.com)
[info] 
     ######## #### ########  ######## ########     ###     ######  ########
     ##        ##  ##     ## ##       ##     ##  ##   ##  ##       ##
     ######    ##  ########  ######   ########  #########  ######  ######
     ##        ##  ##    ##  ##       ##     ## ##     ##       ## ##
     ##       #### ##     ## ######## ########  ##     ##  ######  ########

You're about to initialize a Firebase project in this directory:

  C:\Users\Pawel\Desktop\app\exam

Before we get started, keep in mind:

  * You are initializing within an existing Firebase project directory

[info] 
=== Project Setup
[info] 
[info] First, let's associate this project directory with a Firebase project.
[info] You can create multiple project aliases by running firebase use --add, 
[info] but for now we'll just set up a default project.
[info] 
[debug] [2023-03-07T15:12:11.204Z] Using project from CLI flag: pkp-exam
[debug] [2023-03-07T15:12:11.206Z] >>> [apiv2][query] GET https://firebase.googleapis.com/v1beta1/projects/pkp-exam [none]
[debug] [2023-03-07T15:12:11.580Z] <<< [apiv2][status] GET https://firebase.googleapis.com/v1beta1/projects/pkp-exam 200
[debug] [2023-03-07T15:12:11.580Z] <<< [apiv2][body] GET https://firebase.googleapis.com/v1beta1/projects/pkp-exam {"projectId":"pkp-exam","projectNumber":"442544141207","displayName":"pkp-exam","name":"projects/pkp-exam","resources":{"hostingSite":"pkp-exam"},"state":"ACTIVE","etag":"1_80ae677d-26b4-451e-82f6-f6b848cc5ccc"}
[info] i  Using project pkp-exam (pkp-exam) 
[info] 
=== Hosting Setup
[info] 
[info] Your public directory is the folder (relative to your project directory) that
[info] will contain Hosting assets to be uploaded with firebase deploy. If you
[info] have a build process for your assets, use your build's output directory.
[info] 
